<?xml version="1.0" encoding="UTF-8"?>
<!-- Generated by org.testng.reporters.JUnitReportReporter -->
<testsuite hostname="mallesh" name="dropbox.tests.DropboxDriveTests" tests="1" failures="0" timestamp="18 May 2015 12:55:10 GMT" time="6.163" errors="0">
  <testcase name="test" time="6.163" classname="dropbox.tests.DropboxDriveTests"/>
</testsuite> <!-- dropbox.tests.DropboxDriveTests -->
